2025-06-10T00:12:36.580-07:00  INFO 25644 --- [QuizApp] [SpringApplicationShutdownHook] o.s.b.w.e.tomcat.GracefulShutdown        : Commencing graceful shutdown. Waiting for active requests to complete
2025-06-10T00:12:36.730-07:00  INFO 25644 --- [QuizApp] [tomcat-shutdown] o.s.b.w.e.tomcat.GracefulShutdown        : Graceful shutdown complete
2025-06-10T00:12:36.760-07:00  INFO 25644 --- [QuizApp] [SpringApplicationShutdownHook] j.LocalContainerEntityManagerFactoryBean : Closing JPA EntityManagerFactory for persistence unit 'default'
2025-06-10T00:12:36.806-07:00  INFO 25644 --- [QuizApp] [SpringApplicationShutdownHook] com.zaxxer.hikari.HikariDataSource       : HikariPool-1 - Shutdown initiated...
2025-06-10T00:12:36.816-07:00  INFO 25644 --- [QuizApp] [SpringApplicationShutdownHook] com.zaxxer.hikari.HikariDataSource       : HikariPool-1 - Shutdown completed.
2025-06-10T00:13:12.846-07:00  INFO 15664 --- [QuizApp] [main] com.Aarya.QuizApp.QuizAppApplication     : Starting QuizAppApplication using Java 17.0.1 with PID 15664 (E:\Spring&SpringBoot\QuizApp\target\classes started by bhatt in E:\Spring&SpringBoot\QuizApp)
2025-06-10T00:13:12.850-07:00 DEBUG 15664 --- [QuizApp] [main] com.Aarya.QuizApp.QuizAppApplication     : Running with Spring Boot v3.5.0, Spring v6.2.7
2025-06-10T00:13:12.853-07:00  INFO 15664 --- [QuizApp] [main] com.Aarya.QuizApp.QuizAppApplication     : No active profile set, falling back to 1 default profile: "default"
2025-06-10T00:13:14.099-07:00  INFO 15664 --- [QuizApp] [main] .s.d.r.c.RepositoryConfigurationDelegate : Bootstrapping Spring Data JPA repositories in DEFAULT mode.
2025-06-10T00:13:14.257-07:00  INFO 15664 --- [QuizApp] [main] .s.d.r.c.RepositoryConfigurationDelegate : Finished Spring Data repository scanning in 139 ms. Found 2 JPA repository interfaces.
2025-06-10T00:13:15.166-07:00  INFO 15664 --- [QuizApp] [main] o.s.b.w.embedded.tomcat.TomcatWebServer  : Tomcat initialized with port 8080 (http)
2025-06-10T00:13:15.197-07:00  INFO 15664 --- [QuizApp] [main] o.apache.catalina.core.StandardService   : Starting service [Tomcat]
2025-06-10T00:13:15.197-07:00  INFO 15664 --- [QuizApp] [main] o.apache.catalina.core.StandardEngine    : Starting Servlet engine: [Apache Tomcat/10.1.41]
2025-06-10T00:13:15.307-07:00  INFO 15664 --- [QuizApp] [main] o.a.c.c.C.[Tomcat].[localhost].[/]       : Initializing Spring embedded WebApplicationContext
2025-06-10T00:13:15.308-07:00  INFO 15664 --- [QuizApp] [main] w.s.c.ServletWebServerApplicationContext : Root WebApplicationContext: initialization completed in 2368 ms
2025-06-10T00:13:15.672-07:00  INFO 15664 --- [QuizApp] [main] o.hibernate.jpa.internal.util.LogHelper  : HHH000204: Processing PersistenceUnitInfo [name: default]
2025-06-10T00:13:15.799-07:00  INFO 15664 --- [QuizApp] [main] org.hibernate.Version                    : HHH000412: Hibernate ORM core version 6.6.15.Final
2025-06-10T00:13:15.877-07:00  INFO 15664 --- [QuizApp] [main] o.h.c.internal.RegionFactoryInitiator    : HHH000026: Second-level cache disabled
2025-06-10T00:13:16.340-07:00  INFO 15664 --- [QuizApp] [main] o.s.o.j.p.SpringPersistenceUnitInfo      : No LoadTimeWeaver setup: ignoring JPA class transformer
2025-06-10T00:13:16.400-07:00  INFO 15664 --- [QuizApp] [main] com.zaxxer.hikari.HikariDataSource       : HikariPool-1 - Starting...
2025-06-10T00:13:16.748-07:00  INFO 15664 --- [QuizApp] [main] com.zaxxer.hikari.pool.HikariPool        : HikariPool-1 - Added connection org.postgresql.jdbc.PgConnection@239b98cb
2025-06-10T00:13:16.751-07:00  INFO 15664 --- [QuizApp] [main] com.zaxxer.hikari.HikariDataSource       : HikariPool-1 - Start completed.
2025-06-10T00:13:16.811-07:00  WARN 15664 --- [QuizApp] [main] org.hibernate.orm.deprecation            : HHH90000025: PostgreSQLDialect does not need to be specified explicitly using 'hibernate.dialect' (remove the property setting and it will be selected by default)
2025-06-10T00:13:16.853-07:00  INFO 15664 --- [QuizApp] [main] org.hibernate.orm.connections.pooling    : HHH10001005: Database info:
	Database JDBC URL [Connecting through datasource 'HikariDataSource (HikariPool-1)']
	Database driver: undefined/unknown
	Database version: 16.9
	Autocommit mode: undefined/unknown
	Isolation level: undefined/unknown
	Minimum pool size: undefined/unknown
	Maximum pool size: undefined/unknown
2025-06-10T00:13:18.269-07:00  INFO 15664 --- [QuizApp] [main] o.h.e.t.j.p.i.JtaPlatformInitiator       : HHH000489: No JTA platform available (set 'hibernate.transaction.jta.platform' to enable JTA platform integration)
2025-06-10T00:13:18.529-07:00  INFO 15664 --- [QuizApp] [main] j.LocalContainerEntityManagerFactoryBean : Initialized JPA EntityManagerFactory for persistence unit 'default'
2025-06-10T00:13:19.053-07:00  INFO 15664 --- [QuizApp] [main] o.s.d.j.r.query.QueryEnhancerFactory     : Hibernate is in classpath; If applicable, HQL parser will be used.
2025-06-10T00:13:19.133-07:00  WARN 15664 --- [QuizApp] [main] JpaBaseConfiguration$JpaWebConfiguration : spring.jpa.open-in-view is enabled by default. Therefore, database queries may be performed during view rendering. Explicitly configure spring.jpa.open-in-view to disable this warning
2025-06-10T00:13:19.770-07:00  INFO 15664 --- [QuizApp] [main] o.s.b.w.embedded.tomcat.TomcatWebServer  : Tomcat started on port 8080 (http) with context path '/'
2025-06-10T00:13:19.788-07:00  INFO 15664 --- [QuizApp] [main] com.Aarya.QuizApp.QuizAppApplication     : Started QuizAppApplication in 7.922 seconds (process running for 8.599)
2025-06-10T00:19:34.224-07:00  INFO 15664 --- [QuizApp] [http-nio-8080-exec-1] o.a.c.c.C.[Tomcat].[localhost].[/]       : Initializing Spring DispatcherServlet 'dispatcherServlet'
2025-06-10T00:19:34.225-07:00  INFO 15664 --- [QuizApp] [http-nio-8080-exec-1] o.s.web.servlet.DispatcherServlet        : Initializing Servlet 'dispatcherServlet'
2025-06-10T00:19:34.228-07:00  INFO 15664 --- [QuizApp] [http-nio-8080-exec-1] o.s.web.servlet.DispatcherServlet        : Completed initialization in 3 ms
2025-06-10T00:19:34.514-07:00 DEBUG 15664 --- [QuizApp] [http-nio-8080-exec-1] org.hibernate.SQL                        : 
    select
        q1_0.id,
        q1_0.title 
    from
        quiz q1_0 
    where
        q1_0.id=?
2025-06-10T00:19:34.601-07:00 DEBUG 15664 --- [QuizApp] [http-nio-8080-exec-1] org.hibernate.SQL                        : 
    select
        q1_0.quiz_id,
        q1_1.id,
        q1_1.category,
        q1_1.difficulty_level,
        q1_1.option1,
        q1_1.option2,
        q1_1.option3,
        q1_1.option4,
        q1_1.question_title,
        q1_1.right_answer 
    from
        quiz_question q1_0 
    join
        question q1_1 
            on q1_1.id=q1_0.question_id 
    where
        q1_0.quiz_id=?
2025-06-10T00:22:08.605-07:00 DEBUG 15664 --- [QuizApp] [http-nio-8080-exec-5] org.hibernate.SQL                        : 
    select
        q1_0.id,
        q1_0.title 
    from
        quiz q1_0 
    where
        q1_0.id=?
2025-06-10T00:22:08.608-07:00 DEBUG 15664 --- [QuizApp] [http-nio-8080-exec-5] org.hibernate.SQL                        : 
    select
        q1_0.quiz_id,
        q1_1.id,
        q1_1.category,
        q1_1.difficulty_level,
        q1_1.option1,
        q1_1.option2,
        q1_1.option3,
        q1_1.option4,
        q1_1.question_title,
        q1_1.right_answer 
    from
        quiz_question q1_0 
    join
        question q1_1 
            on q1_1.id=q1_0.question_id 
    where
        q1_0.quiz_id=?
2025-06-10T00:22:13.737-07:00 DEBUG 15664 --- [QuizApp] [http-nio-8080-exec-6] org.hibernate.SQL                        : 
    select
        q1_0.id,
        q1_0.title 
    from
        quiz q1_0 
    where
        q1_0.id=?
2025-06-10T00:22:13.740-07:00 DEBUG 15664 --- [QuizApp] [http-nio-8080-exec-6] org.hibernate.SQL                        : 
    select
        q1_0.quiz_id,
        q1_1.id,
        q1_1.category,
        q1_1.difficulty_level,
        q1_1.option1,
        q1_1.option2,
        q1_1.option3,
        q1_1.option4,
        q1_1.question_title,
        q1_1.right_answer 
    from
        quiz_question q1_0 
    join
        question q1_1 
            on q1_1.id=q1_0.question_id 
    where
        q1_0.quiz_id=?
2025-06-10T00:22:19.631-07:00 DEBUG 15664 --- [QuizApp] [http-nio-8080-exec-7] org.hibernate.SQL                        : 
    select
        q1_0.id,
        q1_0.title 
    from
        quiz q1_0 
    where
        q1_0.id=?
2025-06-10T00:22:19.634-07:00 DEBUG 15664 --- [QuizApp] [http-nio-8080-exec-7] org.hibernate.SQL                        : 
    select
        q1_0.quiz_id,
        q1_1.id,
        q1_1.category,
        q1_1.difficulty_level,
        q1_1.option1,
        q1_1.option2,
        q1_1.option3,
        q1_1.option4,
        q1_1.question_title,
        q1_1.right_answer 
    from
        quiz_question q1_0 
    join
        question q1_1 
            on q1_1.id=q1_0.question_id 
    where
        q1_0.quiz_id=?
2025-06-10T00:58:48.121-07:00  INFO 15664 --- [QuizApp] [SpringApplicationShutdownHook] o.s.b.w.e.tomcat.GracefulShutdown        : Commencing graceful shutdown. Waiting for active requests to complete
2025-06-10T00:58:48.225-07:00  INFO 15664 --- [QuizApp] [tomcat-shutdown] o.s.b.w.e.tomcat.GracefulShutdown        : Graceful shutdown complete
2025-06-10T00:58:48.232-07:00  INFO 15664 --- [QuizApp] [SpringApplicationShutdownHook] j.LocalContainerEntityManagerFactoryBean : Closing JPA EntityManagerFactory for persistence unit 'default'
2025-06-10T00:58:48.236-07:00  INFO 15664 --- [QuizApp] [SpringApplicationShutdownHook] com.zaxxer.hikari.HikariDataSource       : HikariPool-1 - Shutdown initiated...
2025-06-10T00:58:48.246-07:00  INFO 15664 --- [QuizApp] [SpringApplicationShutdownHook] com.zaxxer.hikari.HikariDataSource       : HikariPool-1 - Shutdown completed.
